
[19:15:11.493036900] Nick
[19:15:11.498035400] Nick
[19:16:27.336228300] Hi
[19:16:27.336228300] Hi
[19:16:44.272879400] How r u?
[19:16:44.272879400] How r u?
[19:17:12.217884300] exit
[19:17:12.217884300] exit
[19:20:38.148306400] Nick
[19:20:38.153305600] Nick
[19:20:42.819257500] Hi
[19:20:42.819257500] Hi
[19:20:45.059417300] Yo
[19:20:45.059417300] Yo
[19:20:51.084714500] How r u?
[19:20:51.084714500] How r u?
[19:24:05.782360200] Nick
[19:24:05.787358500] Nick
[18:27:43.918839600] Nick
[18:27:43.928946800] Nick
[18:27:48.246778900] Hi, Alex
[18:27:48.247780] Hi, Alex
[18:28:00.776717700] How r u?
[18:28:00.776717700] How r u?
[18:28:28.322257600] Good
[18:28:28.322257600] Good
[18:29:10.458609700] exit
[18:29:10.505075200] exit
[19:57:23.570213] Nick
[19:57:23.603084] Nick
[19:57:26.426175700] Hi
[19:57:26.426175700] Hi
[20:05:54.935532500] Nick
[20:05:54.942532] Nick
[20:05:57.801150] Hi
[20:05:57.801150] Hi
[20:07:32.166062200] exit
[20:07:32.167062800] exit
