[17:42:19.692185900] Alex: Alex
[17:42:22.130357200] Alex: Hi
[17:42:24.737425100]  User Alex left chat....
[17:43:01.297239400] Alex: Alex
[17:43:06.630022300] Alex: Hi
[17:43:38.539715400]  User Alex left chat....
[17:46:05.476698] Alex: Alex
[17:46:07.071305700] Alex: Hi
[17:46:09.890820100]  User Alex left chat....
[17:48:33.804470600] Alex: Alex
[17:48:35.501394300] Alex: Hi
[17:48:37.729567400]  User Alex left chat....
[17:51:21.315739900] Alex: Alex
[17:51:23.395842300] Alex: Hi
[17:51:26.001016100]  User Alex left chat....
[17:58:52.361088600] Alex: Alex
[17:58:54.609109600] Alex: Hi
[17:58:57.372860]  User Alex left chat....
[18:01:09.494427200] Alex: Alex
[18:01:11.911644600] Alex: Hi
[18:01:14.394150200]  User Alex left chat....
[18:02:36.988104600] Alex: Alex
[18:02:38.746177800] Alex: Hi
[18:03:53.701271600] Alex: Alex
[18:03:55.974763600] Alex: Hi
[18:05:36.025320700] Alex: Alex
[18:05:38.114638400] Alex: Hi
[18:07:34.527961300] Alex: Alex
[18:07:36.254895600] Alex: Hi
[18:07:39.035779900]  User Alex left chat....
[18:09:25.341974300] Alex: Alex
[18:09:28.284721600] Alex: Hi
[18:09:32.009441900]  User Alex left chat....
[18:24:46.295981] Alex: Alex
[18:24:49.095353400] Alex: Ho
[18:24:53.356452200]  User Alex left chat....
[18:25:30.044041600] Alex: Alex
[18:25:32.458236400] Alex: Hi
[18:25:35.196123200]  User Alex left chat....
[18:28:33.912596600] Alex: Alex
[18:28:35.920514500] Alex: Hi
[18:28:38.268235600]  User Alex left chat....
[18:30:09.918181600] Alex: Alex
[18:30:11.542591500] Alex: Hi
[18:30:14.113242100]  User Alex left chat....
[18:31:48.001521400] Alex: Alex
[18:31:50.153537700] Alex: Hi
[18:31:53.597263500]  User Alex left chat....
[18:33:27.406454300] Alex: Alex
[18:33:29.845125200] Alex: hi
[18:33:32.930059200]  User Alex left chat....
[18:37:01.566354700] Alex: Alex
[18:37:03.487776] Alex: yo
[18:37:06.163277300]  User Alex left chat....
[18:38:16.174834400] Alex: Alex
[18:38:18.811315900] Alex: yo
[18:38:21.007073100]  User Alex left chat....
[18:43:02.492726300] Alex: Alex
[18:43:04.788611600] Alex: Hi
[18:43:06.794913700]  User Alex left chat....
[18:44:50.546364100] Alex: Alex
[18:44:52.864901400] Alex: Hi
[18:44:55.240907300]  User Alex left chat....
[18:45:20.578521100] Alex: Alex
[18:45:22.305991500] Alex: Hi
[18:45:24.713453]  User Alex left chat....
[18:48:18.820430800] Alex: Alex
[18:48:48.798192300] Alex: Hi
[18:49:33.713190600] Alex: Alex
[18:50:29.354416500] Alex: Hi
[18:51:43.689189600] Alex: Alex
[18:54:01.848645700] Alex: Hi
[18:54:08.893879500] Alex: Alex
[18:54:11.174280700] Alex: Hi
[18:54:13.900512700]  User Alex left chat....
[18:54:51.918979400] Alex: Alex
[18:54:55.328096700] Alex: Hi
[18:54:59.212573]  User Alex left chat....
[18:55:22.962772700] Nata: Nata
[18:55:25.164773500] Nata: Hi
[18:55:27.015165900]  User Nata left chat....
[18:57:37.472267300] Alex: Alex
[18:57:39.524393400] Alex: Hi
[18:57:42.219966]  User Alex left chat....
[19:00:04.638563300] Alex: Alex
[19:00:07.256378600] Alex: Hi
[19:00:09.939062200]  User Alex left chat....
[19:00:22.299479400] Nick: Nick
[19:00:24.369946100] Nick: Hi
[19:00:29.129870300]  User Nick left chat....
[19:01:10.223281200] Alex: Alex
[19:01:12.276747] Alex: Hi
[19:01:26.046452900] Hi: Hi
[19:01:49.878839800] Hi: How r u?
[19:02:08.239482300] Alex: Fine? and u?
[19:02:17.656108900] Hi: i'm fine
